
*** Running vivado
    with args -log microblaze_arm_dlmb_bram_if_cntlr_5.vds -m64 -product Vivado -mode batch -messageDb vivado.pb -notrace -source microblaze_arm_dlmb_bram_if_cntlr_5.tcl


****** Vivado v2018.2 (64-bit)
  **** SW Build 2258646 on Thu Jun 14 20:02:38 MDT 2018
  **** IP Build 2256618 on Thu Jun 14 22:10:49 MDT 2018
    ** Copyright 1986-2018 Xilinx, Inc. All Rights Reserved.

source microblaze_arm_dlmb_bram_if_cntlr_5.tcl -notrace
Command: synth_design -top microblaze_arm_dlmb_bram_if_cntlr_5 -part xc7z020clg484-1 -mode out_of_context
Starting synth_design
Attempting to get a license for feature 'Synthesis' and/or device 'xc7z020'
INFO: [Common 17-349] Got license for feature 'Synthesis' and/or device 'xc7z020'
INFO: Launching helper process for spawning children vivado processes
INFO: Helper process launched with PID 20637 
---------------------------------------------------------------------------------
Starting RTL Elaboration : Time (s): cpu = 00:00:03 ; elapsed = 00:00:03 . Memory (MB): peak = 1292.297 ; gain = 81.719 ; free physical = 2593 ; free virtual = 3445
---------------------------------------------------------------------------------
INFO: [Synth 8-638] synthesizing module 'microblaze_arm_dlmb_bram_if_cntlr_5' [/home/fabian/Documents/ensta/deuxieme/rob307/rob_307/hardware_model/hw_arm_microblaze/hw_arm_microblaze.srcs/sources_1/bd/microblaze_arm/ip/microblaze_arm_dlmb_bram_if_cntlr_5/synth/microblaze_arm_dlmb_bram_if_cntlr_5.vhd:84]
	Parameter C_FAMILY bound to: zynq - type: string 
	Parameter C_HIGHADDR bound to: 64'b0000000000000000000000000000000000000000000000000001111111111111 
	Parameter C_BASEADDR bound to: 64'b0000000000000000000000000000000000000000000000000000000000000000 
	Parameter C_NUM_LMB bound to: 1 - type: integer 
	Parameter C_MASK bound to: 64'b0000000000000000000000000000000001111000000000000000000000000000 
	Parameter C_MASK1 bound to: 64'b0000000000000000000000000000000000000000100000000000000000000000 
	Parameter C_MASK2 bound to: 64'b0000000000000000000000000000000000000000100000000000000000000000 
	Parameter C_MASK3 bound to: 64'b0000000000000000000000000000000000000000100000000000000000000000 
	Parameter C_LMB_AWIDTH bound to: 32 - type: integer 
	Parameter C_LMB_DWIDTH bound to: 32 - type: integer 
	Parameter C_ECC bound to: 0 - type: integer 
	Parameter C_INTERCONNECT bound to: 0 - type: integer 
	Parameter C_FAULT_INJECT bound to: 0 - type: integer 
	Parameter C_CE_FAILING_REGISTERS bound to: 0 - type: integer 
	Parameter C_UE_FAILING_REGISTERS bound to: 0 - type: integer 
	Parameter C_ECC_STATUS_REGISTERS bound to: 0 - type: integer 
	Parameter C_ECC_ONOFF_REGISTER bound to: 0 - type: integer 
	Parameter C_ECC_ONOFF_RESET_VALUE bound to: 1 - type: integer 
	Parameter C_CE_COUNTER_WIDTH bound to: 0 - type: integer 
	Parameter C_WRITE_ACCESS bound to: 2 - type: integer 
	Parameter C_BRAM_AWIDTH bound to: 32 - type: integer 
	Parameter C_S_AXI_CTRL_ADDR_WIDTH bound to: 32 - type: integer 
	Parameter C_S_AXI_CTRL_DATA_WIDTH bound to: 32 - type: integer 
INFO: [Synth 8-3491] module 'lmb_bram_if_cntlr' declared at '/home/fabian/Documents/ensta/deuxieme/rob307/rob_307/hardware_model/hw_arm_microblaze/hw_arm_microblaze.srcs/sources_1/bd/microblaze_arm/ipshared/92fd/hdl/lmb_bram_if_cntlr_v4_0_vh_rfs.vhd:3116' bound to instance 'U0' of component 'lmb_bram_if_cntlr' [/home/fabian/Documents/ensta/deuxieme/rob307/rob_307/hardware_model/hw_arm_microblaze/hw_arm_microblaze.srcs/sources_1/bd/microblaze_arm/ip/microblaze_arm_dlmb_bram_if_cntlr_5/synth/microblaze_arm_dlmb_bram_if_cntlr_5.vhd:225]
INFO: [Synth 8-638] synthesizing module 'lmb_bram_if_cntlr' [/home/fabian/Documents/ensta/deuxieme/rob307/rob_307/hardware_model/hw_arm_microblaze/hw_arm_microblaze.srcs/sources_1/bd/microblaze_arm/ipshared/92fd/hdl/lmb_bram_if_cntlr_v4_0_vh_rfs.vhd:3240]
	Parameter C_FAMILY bound to: zynq - type: string 
	Parameter C_HIGHADDR bound to: 64'b0000000000000000000000000000000000000000000000000001111111111111 
	Parameter C_BASEADDR bound to: 64'b0000000000000000000000000000000000000000000000000000000000000000 
	Parameter C_MASK bound to: 64'b0000000000000000000000000000000001111000000000000000000000000000 
	Parameter C_MASK1 bound to: 64'b0000000000000000000000000000000000000000100000000000000000000000 
	Parameter C_MASK2 bound to: 64'b0000000000000000000000000000000000000000100000000000000000000000 
	Parameter C_MASK3 bound to: 64'b0000000000000000000000000000000000000000100000000000000000000000 
	Parameter C_LMB_AWIDTH bound to: 32 - type: integer 
	Parameter C_LMB_DWIDTH bound to: 32 - type: integer 
	Parameter C_ECC bound to: 0 - type: integer 
	Parameter C_INTERCONNECT bound to: 0 - type: integer 
	Parameter C_FAULT_INJECT bound to: 0 - type: integer 
	Parameter C_CE_FAILING_REGISTERS bound to: 0 - type: integer 
	Parameter C_UE_FAILING_REGISTERS bound to: 0 - type: integer 
	Parameter C_ECC_STATUS_REGISTERS bound to: 0 - type: integer 
	Parameter C_ECC_ONOFF_REGISTER bound to: 0 - type: integer 
	Parameter C_ECC_ONOFF_RESET_VALUE bound to: 1 - type: integer 
	Parameter C_CE_COUNTER_WIDTH bound to: 0 - type: integer 
	Parameter C_WRITE_ACCESS bound to: 2 - type: integer 
	Parameter C_NUM_LMB bound to: 1 - type: integer 
	Parameter C_BRAM_AWIDTH bound to: 32 - type: integer 
	Parameter C_S_AXI_CTRL_BASEADDR bound to: 32'b11111111111111111111111111111111 
	Parameter C_S_AXI_CTRL_HIGHADDR bound to: 32'b00000000000000000000000000000000 
	Parameter C_S_AXI_CTRL_ADDR_WIDTH bound to: 32 - type: integer 
	Parameter C_S_AXI_CTRL_DATA_WIDTH bound to: 32 - type: integer 
	Parameter C_TARGET bound to: 3 - type: integer 
	Parameter C_BASEADDR bound to: 64'b0000000000000000000000000000000000000000000000000000000000000000 
	Parameter C_MASK bound to: 64'b0000000000000000000000000000000001111000000000000000000000000000 
	Parameter C_MASK1 bound to: 64'b0000000000000000000000000000000000000000100000000000000000000000 
	Parameter C_MASK2 bound to: 64'b0000000000000000000000000000000000000000100000000000000000000000 
	Parameter C_MASK3 bound to: 64'b0000000000000000000000000000000000000000100000000000000000000000 
	Parameter C_LMB_AWIDTH bound to: 32 - type: integer 
	Parameter C_LMB_DWIDTH bound to: 32 - type: integer 
	Parameter C_ECC bound to: 0 - type: integer 
	Parameter C_NUM_LMB bound to: 1 - type: integer 
INFO: [Synth 8-3491] module 'lmb_mux' declared at '/home/fabian/Documents/ensta/deuxieme/rob307/rob_307/hardware_model/hw_arm_microblaze/hw_arm_microblaze.srcs/sources_1/bd/microblaze_arm/ipshared/92fd/hdl/lmb_bram_if_cntlr_v4_0_vh_rfs.vhd:2524' bound to instance 'lmb_mux_I' of component 'lmb_mux' [/home/fabian/Documents/ensta/deuxieme/rob307/rob_307/hardware_model/hw_arm_microblaze/hw_arm_microblaze.srcs/sources_1/bd/microblaze_arm/ipshared/92fd/hdl/lmb_bram_if_cntlr_v4_0_vh_rfs.vhd:3463]
INFO: [Synth 8-638] synthesizing module 'lmb_mux' [/home/fabian/Documents/ensta/deuxieme/rob307/rob_307/hardware_model/hw_arm_microblaze/hw_arm_microblaze.srcs/sources_1/bd/microblaze_arm/ipshared/92fd/hdl/lmb_bram_if_cntlr_v4_0_vh_rfs.vhd:2610]
	Parameter C_TARGET bound to: 3 - type: integer 
	Parameter C_BASEADDR bound to: 64'b0000000000000000000000000000000000000000000000000000000000000000 
	Parameter C_MASK bound to: 64'b0000000000000000000000000000000001111000000000000000000000000000 
	Parameter C_MASK1 bound to: 64'b0000000000000000000000000000000000000000100000000000000000000000 
	Parameter C_MASK2 bound to: 64'b0000000000000000000000000000000000000000100000000000000000000000 
	Parameter C_MASK3 bound to: 64'b0000000000000000000000000000000000000000100000000000000000000000 
	Parameter C_LMB_AWIDTH bound to: 32 - type: integer 
	Parameter C_LMB_DWIDTH bound to: 32 - type: integer 
	Parameter C_ECC bound to: 0 - type: integer 
	Parameter C_NUM_LMB bound to: 1 - type: integer 
	Parameter C_AW bound to: 32 - type: integer 
	Parameter C_BAR bound to: 64'b0000000000000000000000000000000000000000000000000000000000000000 
	Parameter C_MASK bound to: 64'b0000000000000000000000000000000001111000000000000000000000000000 
INFO: [Synth 8-3491] module 'pselect_mask' declared at '/home/fabian/Documents/ensta/deuxieme/rob307/rob_307/hardware_model/hw_arm_microblaze/hw_arm_microblaze.srcs/sources_1/bd/microblaze_arm/ipshared/92fd/hdl/lmb_bram_if_cntlr_v4_0_vh_rfs.vhd:2107' bound to instance 'pselect_mask_lmb' of component 'pselect_mask' [/home/fabian/Documents/ensta/deuxieme/rob307/rob_307/hardware_model/hw_arm_microblaze/hw_arm_microblaze.srcs/sources_1/bd/microblaze_arm/ipshared/92fd/hdl/lmb_bram_if_cntlr_v4_0_vh_rfs.vhd:2678]
INFO: [Synth 8-638] synthesizing module 'pselect_mask' [/home/fabian/Documents/ensta/deuxieme/rob307/rob_307/hardware_model/hw_arm_microblaze/hw_arm_microblaze.srcs/sources_1/bd/microblaze_arm/ipshared/92fd/hdl/lmb_bram_if_cntlr_v4_0_vh_rfs.vhd:2122]
	Parameter C_AW bound to: 32 - type: integer 
	Parameter C_BAR bound to: 64'b0000000000000000000000000000000000000000000000000000000000000000 
	Parameter C_MASK bound to: 64'b0000000000000000000000000000000001111000000000000000000000000000 
INFO: [Synth 8-256] done synthesizing module 'pselect_mask' (1#1) [/home/fabian/Documents/ensta/deuxieme/rob307/rob_307/hardware_model/hw_arm_microblaze/hw_arm_microblaze.srcs/sources_1/bd/microblaze_arm/ipshared/92fd/hdl/lmb_bram_if_cntlr_v4_0_vh_rfs.vhd:2122]
INFO: [Synth 8-256] done synthesizing module 'lmb_mux' (2#1) [/home/fabian/Documents/ensta/deuxieme/rob307/rob_307/hardware_model/hw_arm_microblaze/hw_arm_microblaze.srcs/sources_1/bd/microblaze_arm/ipshared/92fd/hdl/lmb_bram_if_cntlr_v4_0_vh_rfs.vhd:2610]
INFO: [Synth 8-256] done synthesizing module 'lmb_bram_if_cntlr' (3#1) [/home/fabian/Documents/ensta/deuxieme/rob307/rob_307/hardware_model/hw_arm_microblaze/hw_arm_microblaze.srcs/sources_1/bd/microblaze_arm/ipshared/92fd/hdl/lmb_bram_if_cntlr_v4_0_vh_rfs.vhd:3240]
INFO: [Synth 8-256] done synthesizing module 'microblaze_arm_dlmb_bram_if_cntlr_5' (4#1) [/home/fabian/Documents/ensta/deuxieme/rob307/rob_307/hardware_model/hw_arm_microblaze/hw_arm_microblaze.srcs/sources_1/bd/microblaze_arm/ip/microblaze_arm_dlmb_bram_if_cntlr_5/synth/microblaze_arm_dlmb_bram_if_cntlr_5.vhd:84]
WARNING: [Synth 8-3331] design pselect_mask has unconnected port A[0]
WARNING: [Synth 8-3331] design pselect_mask has unconnected port A[5]
WARNING: [Synth 8-3331] design pselect_mask has unconnected port A[6]
WARNING: [Synth 8-3331] design pselect_mask has unconnected port A[7]
WARNING: [Synth 8-3331] design pselect_mask has unconnected port A[8]
WARNING: [Synth 8-3331] design pselect_mask has unconnected port A[9]
WARNING: [Synth 8-3331] design pselect_mask has unconnected port A[10]
WARNING: [Synth 8-3331] design pselect_mask has unconnected port A[11]
WARNING: [Synth 8-3331] design pselect_mask has unconnected port A[12]
WARNING: [Synth 8-3331] design pselect_mask has unconnected port A[13]
WARNING: [Synth 8-3331] design pselect_mask has unconnected port A[14]
WARNING: [Synth 8-3331] design pselect_mask has unconnected port A[15]
WARNING: [Synth 8-3331] design pselect_mask has unconnected port A[16]
WARNING: [Synth 8-3331] design pselect_mask has unconnected port A[17]
WARNING: [Synth 8-3331] design pselect_mask has unconnected port A[18]
WARNING: [Synth 8-3331] design pselect_mask has unconnected port A[19]
WARNING: [Synth 8-3331] design pselect_mask has unconnected port A[20]
WARNING: [Synth 8-3331] design pselect_mask has unconnected port A[21]
WARNING: [Synth 8-3331] design pselect_mask has unconnected port A[22]
WARNING: [Synth 8-3331] design pselect_mask has unconnected port A[23]
WARNING: [Synth 8-3331] design pselect_mask has unconnected port A[24]
WARNING: [Synth 8-3331] design pselect_mask has unconnected port A[25]
WARNING: [Synth 8-3331] design pselect_mask has unconnected port A[26]
WARNING: [Synth 8-3331] design pselect_mask has unconnected port A[27]
WARNING: [Synth 8-3331] design pselect_mask has unconnected port A[28]
WARNING: [Synth 8-3331] design pselect_mask has unconnected port A[29]
WARNING: [Synth 8-3331] design pselect_mask has unconnected port A[30]
WARNING: [Synth 8-3331] design pselect_mask has unconnected port A[31]
WARNING: [Synth 8-3331] design lmb_mux has unconnected port LMB_Clk
WARNING: [Synth 8-3331] design lmb_mux has unconnected port LMB_Rst
WARNING: [Synth 8-3331] design lmb_mux has unconnected port LMB1_ABus[0]
WARNING: [Synth 8-3331] design lmb_mux has unconnected port LMB1_ABus[1]
WARNING: [Synth 8-3331] design lmb_mux has unconnected port LMB1_ABus[2]
WARNING: [Synth 8-3331] design lmb_mux has unconnected port LMB1_ABus[3]
WARNING: [Synth 8-3331] design lmb_mux has unconnected port LMB1_ABus[4]
WARNING: [Synth 8-3331] design lmb_mux has unconnected port LMB1_ABus[5]
WARNING: [Synth 8-3331] design lmb_mux has unconnected port LMB1_ABus[6]
WARNING: [Synth 8-3331] design lmb_mux has unconnected port LMB1_ABus[7]
WARNING: [Synth 8-3331] design lmb_mux has unconnected port LMB1_ABus[8]
WARNING: [Synth 8-3331] design lmb_mux has unconnected port LMB1_ABus[9]
WARNING: [Synth 8-3331] design lmb_mux has unconnected port LMB1_ABus[10]
WARNING: [Synth 8-3331] design lmb_mux has unconnected port LMB1_ABus[11]
WARNING: [Synth 8-3331] design lmb_mux has unconnected port LMB1_ABus[12]
WARNING: [Synth 8-3331] design lmb_mux has unconnected port LMB1_ABus[13]
WARNING: [Synth 8-3331] design lmb_mux has unconnected port LMB1_ABus[14]
WARNING: [Synth 8-3331] design lmb_mux has unconnected port LMB1_ABus[15]
WARNING: [Synth 8-3331] design lmb_mux has unconnected port LMB1_ABus[16]
WARNING: [Synth 8-3331] design lmb_mux has unconnected port LMB1_ABus[17]
WARNING: [Synth 8-3331] design lmb_mux has unconnected port LMB1_ABus[18]
WARNING: [Synth 8-3331] design lmb_mux has unconnected port LMB1_ABus[19]
WARNING: [Synth 8-3331] design lmb_mux has unconnected port LMB1_ABus[20]
WARNING: [Synth 8-3331] design lmb_mux has unconnected port LMB1_ABus[21]
WARNING: [Synth 8-3331] design lmb_mux has unconnected port LMB1_ABus[22]
WARNING: [Synth 8-3331] design lmb_mux has unconnected port LMB1_ABus[23]
WARNING: [Synth 8-3331] design lmb_mux has unconnected port LMB1_ABus[24]
WARNING: [Synth 8-3331] design lmb_mux has unconnected port LMB1_ABus[25]
WARNING: [Synth 8-3331] design lmb_mux has unconnected port LMB1_ABus[26]
WARNING: [Synth 8-3331] design lmb_mux has unconnected port LMB1_ABus[27]
WARNING: [Synth 8-3331] design lmb_mux has unconnected port LMB1_ABus[28]
WARNING: [Synth 8-3331] design lmb_mux has unconnected port LMB1_ABus[29]
WARNING: [Synth 8-3331] design lmb_mux has unconnected port LMB1_ABus[30]
WARNING: [Synth 8-3331] design lmb_mux has unconnected port LMB1_ABus[31]
WARNING: [Synth 8-3331] design lmb_mux has unconnected port LMB1_WriteDBus[0]
WARNING: [Synth 8-3331] design lmb_mux has unconnected port LMB1_WriteDBus[1]
WARNING: [Synth 8-3331] design lmb_mux has unconnected port LMB1_WriteDBus[2]
WARNING: [Synth 8-3331] design lmb_mux has unconnected port LMB1_WriteDBus[3]
WARNING: [Synth 8-3331] design lmb_mux has unconnected port LMB1_WriteDBus[4]
WARNING: [Synth 8-3331] design lmb_mux has unconnected port LMB1_WriteDBus[5]
WARNING: [Synth 8-3331] design lmb_mux has unconnected port LMB1_WriteDBus[6]
WARNING: [Synth 8-3331] design lmb_mux has unconnected port LMB1_WriteDBus[7]
WARNING: [Synth 8-3331] design lmb_mux has unconnected port LMB1_WriteDBus[8]
WARNING: [Synth 8-3331] design lmb_mux has unconnected port LMB1_WriteDBus[9]
WARNING: [Synth 8-3331] design lmb_mux has unconnected port LMB1_WriteDBus[10]
WARNING: [Synth 8-3331] design lmb_mux has unconnected port LMB1_WriteDBus[11]
WARNING: [Synth 8-3331] design lmb_mux has unconnected port LMB1_WriteDBus[12]
WARNING: [Synth 8-3331] design lmb_mux has unconnected port LMB1_WriteDBus[13]
WARNING: [Synth 8-3331] design lmb_mux has unconnected port LMB1_WriteDBus[14]
WARNING: [Synth 8-3331] design lmb_mux has unconnected port LMB1_WriteDBus[15]
WARNING: [Synth 8-3331] design lmb_mux has unconnected port LMB1_WriteDBus[16]
WARNING: [Synth 8-3331] design lmb_mux has unconnected port LMB1_WriteDBus[17]
WARNING: [Synth 8-3331] design lmb_mux has unconnected port LMB1_WriteDBus[18]
WARNING: [Synth 8-3331] design lmb_mux has unconnected port LMB1_WriteDBus[19]
WARNING: [Synth 8-3331] design lmb_mux has unconnected port LMB1_WriteDBus[20]
WARNING: [Synth 8-3331] design lmb_mux has unconnected port LMB1_WriteDBus[21]
WARNING: [Synth 8-3331] design lmb_mux has unconnected port LMB1_WriteDBus[22]
WARNING: [Synth 8-3331] design lmb_mux has unconnected port LMB1_WriteDBus[23]
WARNING: [Synth 8-3331] design lmb_mux has unconnected port LMB1_WriteDBus[24]
WARNING: [Synth 8-3331] design lmb_mux has unconnected port LMB1_WriteDBus[25]
WARNING: [Synth 8-3331] design lmb_mux has unconnected port LMB1_WriteDBus[26]
WARNING: [Synth 8-3331] design lmb_mux has unconnected port LMB1_WriteDBus[27]
WARNING: [Synth 8-3331] design lmb_mux has unconnected port LMB1_WriteDBus[28]
WARNING: [Synth 8-3331] design lmb_mux has unconnected port LMB1_WriteDBus[29]
WARNING: [Synth 8-3331] design lmb_mux has unconnected port LMB1_WriteDBus[30]
WARNING: [Synth 8-3331] design lmb_mux has unconnected port LMB1_WriteDBus[31]
WARNING: [Synth 8-3331] design lmb_mux has unconnected port LMB1_AddrStrobe
WARNING: [Synth 8-3331] design lmb_mux has unconnected port LMB1_ReadStrobe
WARNING: [Synth 8-3331] design lmb_mux has unconnected port LMB1_WriteStrobe
WARNING: [Synth 8-3331] design lmb_mux has unconnected port LMB1_BE[0]
WARNING: [Synth 8-3331] design lmb_mux has unconnected port LMB1_BE[1]
WARNING: [Synth 8-3331] design lmb_mux has unconnected port LMB1_BE[2]
INFO: [Common 17-14] Message 'Synth 8-3331' appears 100 times and further instances of the messages will be disabled. Use the Tcl command set_msg_config to change the current settings.
---------------------------------------------------------------------------------
Finished RTL Elaboration : Time (s): cpu = 00:00:03 ; elapsed = 00:00:05 . Memory (MB): peak = 1337.922 ; gain = 127.344 ; free physical = 2554 ; free virtual = 3423
---------------------------------------------------------------------------------

Report Check Netlist: 
+------+------------------+-------+---------+-------+------------------+
|      |Item              |Errors |Warnings |Status |Description       |
+------+------------------+-------+---------+-------+------------------+
|1     |multi_driven_nets |      0|        0|Passed |Multi driven nets |
+------+------------------+-------+---------+-------+------------------+
---------------------------------------------------------------------------------
Start Handling Custom Attributes
---------------------------------------------------------------------------------
---------------------------------------------------------------------------------
Finished Handling Custom Attributes : Time (s): cpu = 00:00:04 ; elapsed = 00:00:05 . Memory (MB): peak = 1337.922 ; gain = 127.344 ; free physical = 2597 ; free virtual = 3466
---------------------------------------------------------------------------------
---------------------------------------------------------------------------------
Finished RTL Optimization Phase 1 : Time (s): cpu = 00:00:04 ; elapsed = 00:00:05 . Memory (MB): peak = 1337.922 ; gain = 127.344 ; free physical = 2597 ; free virtual = 3466
---------------------------------------------------------------------------------
INFO: [Device 21-403] Loading part xc7z020clg484-1
INFO: [Project 1-570] Preparing netlist for logic optimization

Processing XDC Constraints
Initializing timing engine
Parsing XDC File [/home/fabian/Documents/ensta/deuxieme/rob307/rob_307/hardware_model/hw_arm_microblaze/hw_arm_microblaze.srcs/sources_1/bd/microblaze_arm/ip/microblaze_arm_dlmb_bram_if_cntlr_5/microblaze_arm_dlmb_bram_if_cntlr_5_ooc.xdc] for cell 'U0'
Finished Parsing XDC File [/home/fabian/Documents/ensta/deuxieme/rob307/rob_307/hardware_model/hw_arm_microblaze/hw_arm_microblaze.srcs/sources_1/bd/microblaze_arm/ip/microblaze_arm_dlmb_bram_if_cntlr_5/microblaze_arm_dlmb_bram_if_cntlr_5_ooc.xdc] for cell 'U0'
Parsing XDC File [/home/fabian/Documents/ensta/deuxieme/rob307/rob_307/hardware_model/hw_arm_microblaze/hw_arm_microblaze.runs/microblaze_arm_dlmb_bram_if_cntlr_5_synth_1/dont_touch.xdc]
Finished Parsing XDC File [/home/fabian/Documents/ensta/deuxieme/rob307/rob_307/hardware_model/hw_arm_microblaze/hw_arm_microblaze.runs/microblaze_arm_dlmb_bram_if_cntlr_5_synth_1/dont_touch.xdc]
Completed Processing XDC Constraints

INFO: [Project 1-111] Unisim Transformation Summary:
No Unisim elements were transformed.

Constraint Validation Runtime : Time (s): cpu = 00:00:00.03 ; elapsed = 00:00:00.03 . Memory (MB): peak = 1678.930 ; gain = 0.000 ; free physical = 1694 ; free virtual = 2640
---------------------------------------------------------------------------------
Finished Constraint Validation : Time (s): cpu = 00:00:16 ; elapsed = 00:00:36 . Memory (MB): peak = 1678.930 ; gain = 468.352 ; free physical = 1855 ; free virtual = 2802
---------------------------------------------------------------------------------
---------------------------------------------------------------------------------
Start Loading Part and Timing Information
---------------------------------------------------------------------------------
Loading part: xc7z020clg484-1
---------------------------------------------------------------------------------
Finished Loading Part and Timing Information : Time (s): cpu = 00:00:16 ; elapsed = 00:00:36 . Memory (MB): peak = 1678.930 ; gain = 468.352 ; free physical = 1854 ; free virtual = 2802
---------------------------------------------------------------------------------
---------------------------------------------------------------------------------
Start Applying 'set_property' XDC Constraints
---------------------------------------------------------------------------------
Applied set_property DONT_TOUCH = true for U0. (constraint file  /home/fabian/Documents/ensta/deuxieme/rob307/rob_307/hardware_model/hw_arm_microblaze/hw_arm_microblaze.runs/microblaze_arm_dlmb_bram_if_cntlr_5_synth_1/dont_touch.xdc, line 9).
---------------------------------------------------------------------------------
Finished applying 'set_property' XDC Constraints : Time (s): cpu = 00:00:16 ; elapsed = 00:00:36 . Memory (MB): peak = 1678.930 ; gain = 468.352 ; free physical = 1855 ; free virtual = 2802
---------------------------------------------------------------------------------
---------------------------------------------------------------------------------
Finished RTL Optimization Phase 2 : Time (s): cpu = 00:00:16 ; elapsed = 00:00:36 . Memory (MB): peak = 1678.930 ; gain = 468.352 ; free physical = 1834 ; free virtual = 2781
---------------------------------------------------------------------------------

Report RTL Partitions: 
+-+--------------+------------+----------+
| |RTL Partition |Replication |Instances |
+-+--------------+------------+----------+
+-+--------------+------------+----------+
---------------------------------------------------------------------------------
Start RTL Component Statistics 
---------------------------------------------------------------------------------
Detailed RTL Component Info : 
+---Registers : 
	                1 Bit    Registers := 2     
---------------------------------------------------------------------------------
Finished RTL Component Statistics 
---------------------------------------------------------------------------------
---------------------------------------------------------------------------------
Start RTL Hierarchical Component Statistics 
---------------------------------------------------------------------------------
Hierarchical RTL Component report 
Module lmb_bram_if_cntlr 
Detailed RTL Component Info : 
+---Registers : 
	                1 Bit    Registers := 2     
---------------------------------------------------------------------------------
Finished RTL Hierarchical Component Statistics
---------------------------------------------------------------------------------
---------------------------------------------------------------------------------
Start Part Resource Summary
---------------------------------------------------------------------------------
Part Resources:
DSPs: 220 (col length:60)
BRAMs: 280 (col length: RAMB18 60 RAMB36 30)
---------------------------------------------------------------------------------
Finished Part Resource Summary
---------------------------------------------------------------------------------
---------------------------------------------------------------------------------
Start Cross Boundary and Area Optimization
---------------------------------------------------------------------------------
Warning: Parallel synthesis criteria is not met 
---------------------------------------------------------------------------------
Finished Cross Boundary and Area Optimization : Time (s): cpu = 00:00:17 ; elapsed = 00:00:36 . Memory (MB): peak = 1678.930 ; gain = 468.352 ; free physical = 2000 ; free virtual = 2926
---------------------------------------------------------------------------------

Report RTL Partitions: 
+-+--------------+------------+----------+
| |RTL Partition |Replication |Instances |
+-+--------------+------------+----------+
+-+--------------+------------+----------+

*** Running vivado
    with args -log microblaze_arm_dlmb_bram_if_cntlr_5.vds -m64 -product Vivado -mode batch -messageDb vivado.pb -notrace -source microblaze_arm_dlmb_bram_if_cntlr_5.tcl


****** Vivado v2018.2 (64-bit)
  **** SW Build 2258646 on Thu Jun 14 20:02:38 MDT 2018
  **** IP Build 2256618 on Thu Jun 14 22:10:49 MDT 2018
    ** Copyright 1986-2018 Xilinx, Inc. All Rights Reserved.

source microblaze_arm_dlmb_bram_if_cntlr_5.tcl -notrace
Command: synth_design -top microblaze_arm_dlmb_bram_if_cntlr_5 -part xc7z020clg484-1 -mode out_of_context
Starting synth_design
Attempting to get a license for feature 'Synthesis' and/or device 'xc7z020'
INFO: [Common 17-349] Got license for feature 'Synthesis' and/or device 'xc7z020'
INFO: Launching helper process for spawning children vivado processes
INFO: Helper process launched with PID 4920 
---------------------------------------------------------------------------------
Starting RTL Elaboration : Time (s): cpu = 00:00:03 ; elapsed = 00:00:05 . Memory (MB): peak = 1292.297 ; gain = 81.719 ; free physical = 2062 ; free virtual = 2859
---------------------------------------------------------------------------------
INFO: [Synth 8-638] synthesizing module 'microblaze_arm_dlmb_bram_if_cntlr_5' [/home/fabian/Documents/ensta/deuxieme/rob307/rob_307/hardware_model/hw_arm_microblaze/hw_arm_microblaze.srcs/sources_1/bd/microblaze_arm/ip/microblaze_arm_dlmb_bram_if_cntlr_5/synth/microblaze_arm_dlmb_bram_if_cntlr_5.vhd:84]
	Parameter C_FAMILY bound to: zynq - type: string 
	Parameter C_HIGHADDR bound to: 64'b0000000000000000000000000000000000000000000000000001111111111111 
	Parameter C_BASEADDR bound to: 64'b0000000000000000000000000000000000000000000000000000000000000000 
	Parameter C_NUM_LMB bound to: 1 - type: integer 
	Parameter C_MASK bound to: 64'b0000000000000000000000000000000001111000000000000000000000000000 
	Parameter C_MASK1 bound to: 64'b0000000000000000000000000000000000000000100000000000000000000000 
	Parameter C_MASK2 bound to: 64'b0000000000000000000000000000000000000000100000000000000000000000 
	Parameter C_MASK3 bound to: 64'b0000000000000000000000000000000000000000100000000000000000000000 
	Parameter C_LMB_AWIDTH bound to: 32 - type: integer 
	Parameter C_LMB_DWIDTH bound to: 32 - type: integer 
	Parameter C_ECC bound to: 0 - type: integer 
	Parameter C_INTERCONNECT bound to: 0 - type: integer 
	Parameter C_FAULT_INJECT bound to: 0 - type: integer 
	Parameter C_CE_FAILING_REGISTERS bound to: 0 - type: integer 
	Parameter C_UE_FAILING_REGISTERS bound to: 0 - type: integer 
	Parameter C_ECC_STATUS_REGISTERS bound to: 0 - type: integer 
	Parameter C_ECC_ONOFF_REGISTER bound to: 0 - type: integer 
	Parameter C_ECC_ONOFF_RESET_VALUE bound to: 1 - type: integer 
	Parameter C_CE_COUNTER_WIDTH bound to: 0 - type: integer 
	Parameter C_WRITE_ACCESS bound to: 2 - type: integer 
	Parameter C_BRAM_AWIDTH bound to: 32 - type: integer 
	Parameter C_S_AXI_CTRL_ADDR_WIDTH bound to: 32 - type: integer 
	Parameter C_S_AXI_CTRL_DATA_WIDTH bound to: 32 - type: integer 
INFO: [Synth 8-3491] module 'lmb_bram_if_cntlr' declared at '/home/fabian/Documents/ensta/deuxieme/rob307/rob_307/hardware_model/hw_arm_microblaze/hw_arm_microblaze.srcs/sources_1/bd/microblaze_arm/ipshared/92fd/hdl/lmb_bram_if_cntlr_v4_0_vh_rfs.vhd:3116' bound to instance 'U0' of component 'lmb_bram_if_cntlr' [/home/fabian/Documents/ensta/deuxieme/rob307/rob_307/hardware_model/hw_arm_microblaze/hw_arm_microblaze.srcs/sources_1/bd/microblaze_arm/ip/microblaze_arm_dlmb_bram_if_cntlr_5/synth/microblaze_arm_dlmb_bram_if_cntlr_5.vhd:225]
INFO: [Synth 8-638] synthesizing module 'lmb_bram_if_cntlr' [/home/fabian/Documents/ensta/deuxieme/rob307/rob_307/hardware_model/hw_arm_microblaze/hw_arm_microblaze.srcs/sources_1/bd/microblaze_arm/ipshared/92fd/hdl/lmb_bram_if_cntlr_v4_0_vh_rfs.vhd:3240]
	Parameter C_FAMILY bound to: zynq - type: string 
	Parameter C_HIGHADDR bound to: 64'b0000000000000000000000000000000000000000000000000001111111111111 
	Parameter C_BASEADDR bound to: 64'b0000000000000000000000000000000000000000000000000000000000000000 
	Parameter C_MASK bound to: 64'b0000000000000000000000000000000001111000000000000000000000000000 
	Parameter C_MASK1 bound to: 64'b0000000000000000000000000000000000000000100000000000000000000000 
	Parameter C_MASK2 bound to: 64'b0000000000000000000000000000000000000000100000000000000000000000 
	Parameter C_MASK3 bound to: 64'b0000000000000000000000000000000000000000100000000000000000000000 
	Parameter C_LMB_AWIDTH bound to: 32 - type: integer 
	Parameter C_LMB_DWIDTH bound to: 32 - type: integer 
	Parameter C_ECC bound to: 0 - type: integer 
	Parameter C_INTERCONNECT bound to: 0 - type: integer 
	Parameter C_FAULT_INJECT bound to: 0 - type: integer 
	Parameter C_CE_FAILING_REGISTERS bound to: 0 - type: integer 
	Parameter C_UE_FAILING_REGISTERS bound to: 0 - type: integer 
	Parameter C_ECC_STATUS_REGISTERS bound to: 0 - type: integer 
	Parameter C_ECC_ONOFF_REGISTER bound to: 0 - type: integer 
	Parameter C_ECC_ONOFF_RESET_VALUE bound to: 1 - type: integer 
	Parameter C_CE_COUNTER_WIDTH bound to: 0 - type: integer 
	Parameter C_WRITE_ACCESS bound to: 2 - type: integer 
	Parameter C_NUM_LMB bound to: 1 - type: integer 
	Parameter C_BRAM_AWIDTH bound to: 32 - type: integer 
	Parameter C_S_AXI_CTRL_BASEADDR bound to: 32'b11111111111111111111111111111111 
	Parameter C_S_AXI_CTRL_HIGHADDR bound to: 32'b00000000000000000000000000000000 
	Parameter C_S_AXI_CTRL_ADDR_WIDTH bound to: 32 - type: integer 
	Parameter C_S_AXI_CTRL_DATA_WIDTH bound to: 32 - type: integer 
	Parameter C_TARGET bound to: 3 - type: integer 
	Parameter C_BASEADDR bound to: 64'b0000000000000000000000000000000000000000000000000000000000000000 
	Parameter C_MASK bound to: 64'b0000000000000000000000000000000001111000000000000000000000000000 
	Parameter C_MASK1 bound to: 64'b0000000000000000000000000000000000000000100000000000000000000000 
	Parameter C_MASK2 bound to: 64'b0000000000000000000000000000000000000000100000000000000000000000 
	Parameter C_MASK3 bound to: 64'b0000000000000000000000000000000000000000100000000000000000000000 
	Parameter C_LMB_AWIDTH bound to: 32 - type: integer 
	Parameter C_LMB_DWIDTH bound to: 32 - type: integer 
	Parameter C_ECC bound to: 0 - type: integer 
	Parameter C_NUM_LMB bound to: 1 - type: integer 
INFO: [Synth 8-3491] module 'lmb_mux' declared at '/home/fabian/Documents/ensta/deuxieme/rob307/rob_307/hardware_model/hw_arm_microblaze/hw_arm_microblaze.srcs/sources_1/bd/microblaze_arm/ipshared/92fd/hdl/lmb_bram_if_cntlr_v4_0_vh_rfs.vhd:2524' bound to instance 'lmb_mux_I' of component 'lmb_mux' [/home/fabian/Documents/ensta/deuxieme/rob307/rob_307/hardware_model/hw_arm_microblaze/hw_arm_microblaze.srcs/sources_1/bd/microblaze_arm/ipshared/92fd/hdl/lmb_bram_if_cntlr_v4_0_vh_rfs.vhd:3463]
INFO: [Synth 8-638] synthesizing module 'lmb_mux' [/home/fabian/Documents/ensta/deuxieme/rob307/rob_307/hardware_model/hw_arm_microblaze/hw_arm_microblaze.srcs/sources_1/bd/microblaze_arm/ipshared/92fd/hdl/lmb_bram_if_cntlr_v4_0_vh_rfs.vhd:2610]
	Parameter C_TARGET bound to: 3 - type: integer 
	Parameter C_BASEADDR bound to: 64'b0000000000000000000000000000000000000000000000000000000000000000 
	Parameter C_MASK bound to: 64'b0000000000000000000000000000000001111000000000000000000000000000 
	Parameter C_MASK1 bound to: 64'b0000000000000000000000000000000000000000100000000000000000000000 
	Parameter C_MASK2 bound to: 64'b0000000000000000000000000000000000000000100000000000000000000000 
	Parameter C_MASK3 bound to: 64'b0000000000000000000000000000000000000000100000000000000000000000 
	Parameter C_LMB_AWIDTH bound to: 32 - type: integer 
	Parameter C_LMB_DWIDTH bound to: 32 - type: integer 
	Parameter C_ECC bound to: 0 - type: integer 
	Parameter C_NUM_LMB bound to: 1 - type: integer 
	Parameter C_AW bound to: 32 - type: integer 
	Parameter C_BAR bound to: 64'b0000000000000000000000000000000000000000000000000000000000000000 
	Parameter C_MASK bound to: 64'b0000000000000000000000000000000001111000000000000000000000000000 
INFO: [Synth 8-3491] module 'pselect_mask' declared at '/home/fabian/Documents/ensta/deuxieme/rob307/rob_307/hardware_model/hw_arm_microblaze/hw_arm_microblaze.srcs/sources_1/bd/microblaze_arm/ipshared/92fd/hdl/lmb_bram_if_cntlr_v4_0_vh_rfs.vhd:2107' bound to instance 'pselect_mask_lmb' of component 'pselect_mask' [/home/fabian/Documents/ensta/deuxieme/rob307/rob_307/hardware_model/hw_arm_microblaze/hw_arm_microblaze.srcs/sources_1/bd/microblaze_arm/ipshared/92fd/hdl/lmb_bram_if_cntlr_v4_0_vh_rfs.vhd:2678]
INFO: [Synth 8-638] synthesizing module 'pselect_mask' [/home/fabian/Documents/ensta/deuxieme/rob307/rob_307/hardware_model/hw_arm_microblaze/hw_arm_microblaze.srcs/sources_1/bd/microblaze_arm/ipshared/92fd/hdl/lmb_bram_if_cntlr_v4_0_vh_rfs.vhd:2122]
	Parameter C_AW bound to: 32 - type: integer 
	Parameter C_BAR bound to: 64'b0000000000000000000000000000000000000000000000000000000000000000 
	Parameter C_MASK bound to: 64'b0000000000000000000000000000000001111000000000000000000000000000 
INFO: [Synth 8-256] done synthesizing module 'pselect_mask' (1#1) [/home/fabian/Documents/ensta/deuxieme/rob307/rob_307/hardware_model/hw_arm_microblaze/hw_arm_microblaze.srcs/sources_1/bd/microblaze_arm/ipshared/92fd/hdl/lmb_bram_if_cntlr_v4_0_vh_rfs.vhd:2122]
INFO: [Synth 8-256] done synthesizing module 'lmb_mux' (2#1) [/home/fabian/Documents/ensta/deuxieme/rob307/rob_307/hardware_model/hw_arm_microblaze/hw_arm_microblaze.srcs/sources_1/bd/microblaze_arm/ipshared/92fd/hdl/lmb_bram_if_cntlr_v4_0_vh_rfs.vhd:2610]
INFO: [Synth 8-256] done synthesizing module 'lmb_bram_if_cntlr' (3#1) [/home/fabian/Documents/ensta/deuxieme/rob307/rob_307/hardware_model/hw_arm_microblaze/hw_arm_microblaze.srcs/sources_1/bd/microblaze_arm/ipshared/92fd/hdl/lmb_bram_if_cntlr_v4_0_vh_rfs.vhd:3240]
INFO: [Synth 8-256] done synthesizing module 'microblaze_arm_dlmb_bram_if_cntlr_5' (4#1) [/home/fabian/Documents/ensta/deuxieme/rob307/rob_307/hardware_model/hw_arm_microblaze/hw_arm_microblaze.srcs/sources_1/bd/microblaze_arm/ip/microblaze_arm_dlmb_bram_if_cntlr_5/synth/microblaze_arm_dlmb_bram_if_cntlr_5.vhd:84]
WARNING: [Synth 8-3331] design pselect_mask has unconnected port A[0]
WARNING: [Synth 8-3331] design pselect_mask has unconnected port A[5]
WARNING: [Synth 8-3331] design pselect_mask has unconnected port A[6]
WARNING: [Synth 8-3331] design pselect_mask has unconnected port A[7]
WARNING: [Synth 8-3331] design pselect_mask has unconnected port A[8]
WARNING: [Synth 8-3331] design pselect_mask has unconnected port A[9]
WARNING: [Synth 8-3331] design pselect_mask has unconnected port A[10]
WARNING: [Synth 8-3331] design pselect_mask has unconnected port A[11]
WARNING: [Synth 8-3331] design pselect_mask has unconnected port A[12]
WARNING: [Synth 8-3331] design pselect_mask has unconnected port A[13]
WARNING: [Synth 8-3331] design pselect_mask has unconnected port A[14]
WARNING: [Synth 8-3331] design pselect_mask has unconnected port A[15]
WARNING: [Synth 8-3331] design pselect_mask has unconnected port A[16]
WARNING: [Synth 8-3331] design pselect_mask has unconnected port A[17]
WARNING: [Synth 8-3331] design pselect_mask has unconnected port A[18]
WARNING: [Synth 8-3331] design pselect_mask has unconnected port A[19]
WARNING: [Synth 8-3331] design pselect_mask has unconnected port A[20]
WARNING: [Synth 8-3331] design pselect_mask has unconnected port A[21]
WARNING: [Synth 8-3331] design pselect_mask has unconnected port A[22]
WARNING: [Synth 8-3331] design pselect_mask has unconnected port A[23]
WARNING: [Synth 8-3331] design pselect_mask has unconnected port A[24]
WARNING: [Synth 8-3331] design pselect_mask has unconnected port A[25]
WARNING: [Synth 8-3331] design pselect_mask has unconnected port A[26]
WARNING: [Synth 8-3331] design pselect_mask has unconnected port A[27]
WARNING: [Synth 8-3331] design pselect_mask has unconnected port A[28]
WARNING: [Synth 8-3331] design pselect_mask has unconnected port A[29]
WARNING: [Synth 8-3331] design pselect_mask has unconnected port A[30]
WARNING: [Synth 8-3331] design pselect_mask has unconnected port A[31]
WARNING: [Synth 8-3331] design lmb_mux has unconnected port LMB_Clk
WARNING: [Synth 8-3331] design lmb_mux has unconnected port LMB_Rst
WARNING: [Synth 8-3331] design lmb_mux has unconnected port LMB1_ABus[0]
WARNING: [Synth 8-3331] design lmb_mux has unconnected port LMB1_ABus[1]
WARNING: [Synth 8-3331] design lmb_mux has unconnected port LMB1_ABus[2]
WARNING: [Synth 8-3331] design lmb_mux has unconnected port LMB1_ABus[3]
WARNING: [Synth 8-3331] design lmb_mux has unconnected port LMB1_ABus[4]
WARNING: [Synth 8-3331] design lmb_mux has unconnected port LMB1_ABus[5]
WARNING: [Synth 8-3331] design lmb_mux has unconnected port LMB1_ABus[6]
WARNING: [Synth 8-3331] design lmb_mux has unconnected port LMB1_ABus[7]
WARNING: [Synth 8-3331] design lmb_mux has unconnected port LMB1_ABus[8]
WARNING: [Synth 8-3331] design lmb_mux has unconnected port LMB1_ABus[9]
WARNING: [Synth 8-3331] design lmb_mux has unconnected port LMB1_ABus[10]
WARNING: [Synth 8-3331] design lmb_mux has unconnected port LMB1_ABus[11]
WARNING: [Synth 8-3331] design lmb_mux has unconnected port LMB1_ABus[12]
WARNING: [Synth 8-3331] design lmb_mux has unconnected port LMB1_ABus[13]
WARNING: [Synth 8-3331] design lmb_mux has unconnected port LMB1_ABus[14]
WARNING: [Synth 8-3331] design lmb_mux has unconnected port LMB1_ABus[15]
WARNING: [Synth 8-3331] design lmb_mux has unconnected port LMB1_ABus[16]
WARNING: [Synth 8-3331] design lmb_mux has unconnected port LMB1_ABus[17]
WARNING: [Synth 8-3331] design lmb_mux has unconnected port LMB1_ABus[18]
WARNING: [Synth 8-3331] design lmb_mux has unconnected port LMB1_ABus[19]
WARNING: [Synth 8-3331] design lmb_mux has unconnected port LMB1_ABus[20]
WARNING: [Synth 8-3331] design lmb_mux has unconnected port LMB1_ABus[21]
WARNING: [Synth 8-3331] design lmb_mux has unconnected port LMB1_ABus[22]
WARNING: [Synth 8-3331] design lmb_mux has unconnected port LMB1_ABus[23]
WARNING: [Synth 8-3331] design lmb_mux has unconnected port LMB1_ABus[24]
WARNING: [Synth 8-3331] design lmb_mux has unconnected port LMB1_ABus[25]
WARNING: [Synth 8-3331] design lmb_mux has unconnected port LMB1_ABus[26]
WARNING: [Synth 8-3331] design lmb_mux has unconnected port LMB1_ABus[27]
WARNING: [Synth 8-3331] design lmb_mux has unconnected port LMB1_ABus[28]
WARNING: [Synth 8-3331] design lmb_mux has unconnected port LMB1_ABus[29]
WARNING: [Synth 8-3331] design lmb_mux has unconnected port LMB1_ABus[30]
WARNING: [Synth 8-3331] design lmb_mux has unconnected port LMB1_ABus[31]
WARNING: [Synth 8-3331] design lmb_mux has unconnected port LMB1_WriteDBus[0]
WARNING: [Synth 8-3331] design lmb_mux has unconnected port LMB1_WriteDBus[1]
WARNING: [Synth 8-3331] design lmb_mux has unconnected port LMB1_WriteDBus[2]
WARNING: [Synth 8-3331] design lmb_mux has unconnected port LMB1_WriteDBus[3]
WARNING: [Synth 8-3331] design lmb_mux has unconnected port LMB1_WriteDBus[4]
WARNING: [Synth 8-3331] design lmb_mux has unconnected port LMB1_WriteDBus[5]
WARNING: [Synth 8-3331] design lmb_mux has unconnected port LMB1_WriteDBus[6]
WARNING: [Synth 8-3331] design lmb_mux has unconnected port LMB1_WriteDBus[7]
WARNING: [Synth 8-3331] design lmb_mux has unconnected port LMB1_WriteDBus[8]
WARNING: [Synth 8-3331] design lmb_mux has unconnected port LMB1_WriteDBus[9]
WARNING: [Synth 8-3331] design lmb_mux has unconnected port LMB1_WriteDBus[10]
WARNING: [Synth 8-3331] design lmb_mux has unconnected port LMB1_WriteDBus[11]
WARNING: [Synth 8-3331] design lmb_mux has unconnected port LMB1_WriteDBus[12]
WARNING: [Synth 8-3331] design lmb_mux has unconnected port LMB1_WriteDBus[13]
WARNING: [Synth 8-3331] design lmb_mux has unconnected port LMB1_WriteDBus[14]
WARNING: [Synth 8-3331] design lmb_mux has unconnected port LMB1_WriteDBus[15]
WARNING: [Synth 8-3331] design lmb_mux has unconnected port LMB1_WriteDBus[16]
WARNING: [Synth 8-3331] design lmb_mux has unconnected port LMB1_WriteDBus[17]
WARNING: [Synth 8-3331] design lmb_mux has unconnected port LMB1_WriteDBus[18]
WARNING: [Synth 8-3331] design lmb_mux has unconnected port LMB1_WriteDBus[19]
WARNING: [Synth 8-3331] design lmb_mux has unconnected port LMB1_WriteDBus[20]
WARNING: [Synth 8-3331] design lmb_mux has unconnected port LMB1_WriteDBus[21]
WARNING: [Synth 8-3331] design lmb_mux has unconnected port LMB1_WriteDBus[22]
WARNING: [Synth 8-3331] design lmb_mux has unconnected port LMB1_WriteDBus[23]
WARNING: [Synth 8-3331] design lmb_mux has unconnected port LMB1_WriteDBus[24]
WARNING: [Synth 8-3331] design lmb_mux has unconnected port LMB1_WriteDBus[25]
WARNING: [Synth 8-3331] design lmb_mux has unconnected port LMB1_WriteDBus[26]
WARNING: [Synth 8-3331] design lmb_mux has unconnected port LMB1_WriteDBus[27]
WARNING: [Synth 8-3331] design lmb_mux has unconnected port LMB1_WriteDBus[28]
WARNING: [Synth 8-3331] design lmb_mux has unconnected port LMB1_WriteDBus[29]
WARNING: [Synth 8-3331] design lmb_mux has unconnected port LMB1_WriteDBus[30]
WARNING: [Synth 8-3331] design lmb_mux has unconnected port LMB1_WriteDBus[31]
WARNING: [Synth 8-3331] design lmb_mux has unconnected port LMB1_AddrStrobe
WARNING: [Synth 8-3331] design lmb_mux has unconnected port LMB1_ReadStrobe
WARNING: [Synth 8-3331] design lmb_mux has unconnected port LMB1_WriteStrobe
WARNING: [Synth 8-3331] design lmb_mux has unconnected port LMB1_BE[0]
WARNING: [Synth 8-3331] design lmb_mux has unconnected port LMB1_BE[1]
WARNING: [Synth 8-3331] design lmb_mux has unconnected port LMB1_BE[2]
INFO: [Common 17-14] Message 'Synth 8-3331' appears 100 times and further instances of the messages will be disabled. Use the Tcl command set_msg_config to change the current settings.
---------------------------------------------------------------------------------
Finished RTL Elaboration : Time (s): cpu = 00:00:05 ; elapsed = 00:00:07 . Memory (MB): peak = 1337.922 ; gain = 127.344 ; free physical = 1883 ; free virtual = 2681
---------------------------------------------------------------------------------

Report Check Netlist: 
+------+------------------+-------+---------+-------+------------------+
|      |Item              |Errors |Warnings |Status |Description       |
+------+------------------+-------+---------+-------+------------------+
|1     |multi_driven_nets |      0|        0|Passed |Multi driven nets |
+------+------------------+-------+---------+-------+------------------+
---------------------------------------------------------------------------------
Start Handling Custom Attributes
---------------------------------------------------------------------------------
---------------------------------------------------------------------------------
Finished Handling Custom Attributes : Time (s): cpu = 00:00:05 ; elapsed = 00:00:07 . Memory (MB): peak = 1337.922 ; gain = 127.344 ; free physical = 1859 ; free virtual = 2657
---------------------------------------------------------------------------------
---------------------------------------------------------------------------------
Finished RTL Optimization Phase 1 : Time (s): cpu = 00:00:05 ; elapsed = 00:00:07 . Memory (MB): peak = 1337.922 ; gain = 127.344 ; free physical = 1859 ; free virtual = 2657
---------------------------------------------------------------------------------
INFO: [Device 21-403] Loading part xc7z020clg484-1
INFO: [Project 1-570] Preparing netlist for logic optimization

Processing XDC Constraints
Initializing timing engine
Parsing XDC File [/home/fabian/Documents/ensta/deuxieme/rob307/rob_307/hardware_model/hw_arm_microblaze/hw_arm_microblaze.srcs/sources_1/bd/microblaze_arm/ip/microblaze_arm_dlmb_bram_if_cntlr_5/microblaze_arm_dlmb_bram_if_cntlr_5_ooc.xdc] for cell 'U0'
Finished Parsing XDC File [/home/fabian/Documents/ensta/deuxieme/rob307/rob_307/hardware_model/hw_arm_microblaze/hw_arm_microblaze.srcs/sources_1/bd/microblaze_arm/ip/microblaze_arm_dlmb_bram_if_cntlr_5/microblaze_arm_dlmb_bram_if_cntlr_5_ooc.xdc] for cell 'U0'
Parsing XDC File [/home/fabian/Documents/ensta/deuxieme/rob307/rob_307/hardware_model/hw_arm_microblaze/hw_arm_microblaze.runs/microblaze_arm_dlmb_bram_if_cntlr_5_synth_1/dont_touch.xdc]
Finished Parsing XDC File [/home/fabian/Documents/ensta/deuxieme/rob307/rob_307/hardware_model/hw_arm_microblaze/hw_arm_microblaze.runs/microblaze_arm_dlmb_bram_if_cntlr_5_synth_1/dont_touch.xdc]
Completed Processing XDC Constraints

INFO: [Project 1-111] Unisim Transformation Summary:
No Unisim elements were transformed.

Constraint Validation Runtime : Time (s): cpu = 00:00:00.03 ; elapsed = 00:00:00.03 . Memory (MB): peak = 1678.953 ; gain = 0.000 ; free physical = 1664 ; free virtual = 2523
---------------------------------------------------------------------------------
Finished Constraint Validation : Time (s): cpu = 00:00:22 ; elapsed = 00:00:54 . Memory (MB): peak = 1678.953 ; gain = 468.375 ; free physical = 1732 ; free virtual = 2602
---------------------------------------------------------------------------------
---------------------------------------------------------------------------------
Start Loading Part and Timing Information
---------------------------------------------------------------------------------
Loading part: xc7z020clg484-1
---------------------------------------------------------------------------------
Finished Loading Part and Timing Information : Time (s): cpu = 00:00:22 ; elapsed = 00:00:54 . Memory (MB): peak = 1678.953 ; gain = 468.375 ; free physical = 1732 ; free virtual = 2602
---------------------------------------------------------------------------------
---------------------------------------------------------------------------------
Start Applying 'set_property' XDC Constraints
---------------------------------------------------------------------------------
Applied set_property DONT_TOUCH = true for U0. (constraint file  /home/fabian/Documents/ensta/deuxieme/rob307/rob_307/hardware_model/hw_arm_microblaze/hw_arm_microblaze.runs/microblaze_arm_dlmb_bram_if_cntlr_5_synth_1/dont_touch.xdc, line 9).
---------------------------------------------------------------------------------
Finished applying 'set_property' XDC Constraints : Time (s): cpu = 00:00:22 ; elapsed = 00:00:54 . Memory (MB): peak = 1678.953 ; gain = 468.375 ; free physical = 1734 ; free virtual = 2604
---------------------------------------------------------------------------------
---------------------------------------------------------------------------------
Finished RTL Optimization Phase 2 : Time (s): cpu = 00:00:22 ; elapsed = 00:00:54 . Memory (MB): peak = 1678.953 ; gain = 468.375 ; free physical = 1725 ; free virtual = 2595
---------------------------------------------------------------------------------

Report RTL Partitions: 
+-+--------------+------------+----------+
| |RTL Partition |Replication |Instances |
+-+--------------+------------+----------+
+-+--------------+------------+----------+
---------------------------------------------------------------------------------
Start RTL Component Statistics 
---------------------------------------------------------------------------------
Detailed RTL Component Info : 
+---Registers : 
	                1 Bit    Registers := 2     
---------------------------------------------------------------------------------
Finished RTL Component Statistics 
---------------------------------------------------------------------------------
---------------------------------------------------------------------------------
Start RTL Hierarchical Component Statistics 
---------------------------------------------------------------------------------
Hierarchical RTL Component report 
Module lmb_bram_if_cntlr 
Detailed RTL Component Info : 
+---Registers : 
	                1 Bit    Registers := 2     
---------------------------------------------------------------------------------
Finished RTL Hierarchical Component Statistics
---------------------------------------------------------------------------------
---------------------------------------------------------------------------------
Start Part Resource Summary
---------------------------------------------------------------------------------
Part Resources:
DSPs: 220 (col length:60)
BRAMs: 280 (col length: RAMB18 60 RAMB36 30)
---------------------------------------------------------------------------------
Finished Part Resource Summary
---------------------------------------------------------------------------------
---------------------------------------------------------------------------------
Start Cross Boundary and Area Optimization
---------------------------------------------------------------------------------
Warning: Parallel synthesis criteria is not met 
---------------------------------------------------------------------------------
Finished Cross Boundary and Area Optimization : Time (s): cpu = 00:00:23 ; elapsed = 00:00:55 . Memory (MB): peak = 1678.953 ; gain = 468.375 ; free physical = 1689 ; free virtual = 2562
---------------------------------------------------------------------------------

Report RTL Partitions: 
+-+--------------+------------+----------+
| |RTL Partition |Replication |Instances |
+-+--------------+------------+----------+
+-+--------------+------------+----------+
---------------------------------------------------------------------------------
Start Applying XDC Timing Constraints
---------------------------------------------------------------------------------
---------------------------------------------------------------------------------
Finished Applying XDC Timing Constraints : Time (s): cpu = 00:00:32 ; elapsed = 00:01:08 . Memory (MB): peak = 1678.953 ; gain = 468.375 ; free physical = 2015 ; free virtual = 2885
---------------------------------------------------------------------------------
---------------------------------------------------------------------------------
Start Timing Optimization
---------------------------------------------------------------------------------
---------------------------------------------------------------------------------
Finished Timing Optimization : Time (s): cpu = 00:00:32 ; elapsed = 00:01:08 . Memory (MB): peak = 1678.953 ; gain = 468.375 ; free physical = 2015 ; free virtual = 2885
---------------------------------------------------------------------------------

Report RTL Partitions: 
+-+--------------+------------+----------+
| |RTL Partition |Replication |Instances |
+-+--------------+------------+----------+
+-+--------------+------------+----------+
---------------------------------------------------------------------------------
Start Technology Mapping
---------------------------------------------------------------------------------
---------------------------------------------------------------------------------
Finished Technology Mapping : Time (s): cpu = 00:00:32 ; elapsed = 00:01:08 . Memory (MB): peak = 1678.953 ; gain = 468.375 ; free physical = 2017 ; free virtual = 2886
---------------------------------------------------------------------------------

Report RTL Partitions: 
+-+--------------+------------+----------+
| |RTL Partition |Replication |Instances |
+-+--------------+------------+----------+
+-+--------------+------------+----------+
---------------------------------------------------------------------------------
Start IO Insertion
---------------------------------------------------------------------------------
---------------------------------------------------------------------------------
Start Flattening Before IO Insertion
---------------------------------------------------------------------------------
---------------------------------------------------------------------------------
Finished Flattening Before IO Insertion
---------------------------------------------------------------------------------
---------------------------------------------------------------------------------
Start Final Netlist Cleanup
---------------------------------------------------------------------------------
---------------------------------------------------------------------------------
Finished Final Netlist Cleanup
---------------------------------------------------------------------------------
---------------------------------------------------------------------------------
Finished IO Insertion : Time (s): cpu = 00:00:33 ; elapsed = 00:01:09 . Memory (MB): peak = 1678.953 ; gain = 468.375 ; free physical = 2028 ; free virtual = 2898
---------------------------------------------------------------------------------

Report Check Netlist: 
+------+------------------+-------+---------+-------+------------------+
|      |Item              |Errors |Warnings |Status |Description       |
+------+------------------+-------+---------+-------+------------------+
|1     |multi_driven_nets |      0|        0|Passed |Multi driven nets |
+------+------------------+-------+---------+-------+------------------+
---------------------------------------------------------------------------------
Start Renaming Generated Instances
---------------------------------------------------------------------------------
---------------------------------------------------------------------------------
Finished Renaming Generated Instances : Time (s): cpu = 00:00:33 ; elapsed = 00:01:09 . Memory (MB): peak = 1678.953 ; gain = 468.375 ; free physical = 2028 ; free virtual = 2898
---------------------------------------------------------------------------------

Report RTL Partitions: 
+-+--------------+------------+----------+
| |RTL Partition |Replication |Instances |
+-+--------------+------------+----------+
+-+--------------+------------+----------+
---------------------------------------------------------------------------------
Start Rebuilding User Hierarchy
---------------------------------------------------------------------------------
---------------------------------------------------------------------------------
Finished Rebuilding User Hierarchy : Time (s): cpu = 00:00:33 ; elapsed = 00:01:09 . Memory (MB): peak = 1678.953 ; gain = 468.375 ; free physical = 2028 ; free virtual = 2898
---------------------------------------------------------------------------------
---------------------------------------------------------------------------------
Start Renaming Generated Ports
---------------------------------------------------------------------------------
---------------------------------------------------------------------------------
Finished Renaming Generated Ports : Time (s): cpu = 00:00:33 ; elapsed = 00:01:09 . Memory (MB): peak = 1678.953 ; gain = 468.375 ; free physical = 2028 ; free virtual = 2898
---------------------------------------------------------------------------------
---------------------------------------------------------------------------------
Start Handling Custom Attributes
---------------------------------------------------------------------------------
---------------------------------------------------------------------------------
Finished Handling Custom Attributes : Time (s): cpu = 00:00:33 ; elapsed = 00:01:09 . Memory (MB): peak = 1678.953 ; gain = 468.375 ; free physical = 2028 ; free virtual = 2897
---------------------------------------------------------------------------------
---------------------------------------------------------------------------------
Start Renaming Generated Nets
---------------------------------------------------------------------------------
---------------------------------------------------------------------------------
Finished Renaming Generated Nets : Time (s): cpu = 00:00:33 ; elapsed = 00:01:09 . Memory (MB): peak = 1678.953 ; gain = 468.375 ; free physical = 2028 ; free virtual = 2897
---------------------------------------------------------------------------------
---------------------------------------------------------------------------------
Start Writing Synthesis Report
---------------------------------------------------------------------------------

Report BlackBoxes: 
+-+--------------+----------+
| |BlackBox name |Instances |
+-+--------------+----------+
+-+--------------+----------+

Report Cell Usage: 
+------+-----+------+
|      |Cell |Count |
+------+-----+------+
|1     |LUT2 |     2|
|2     |LUT5 |     1|
|3     |LUT6 |     4|
|4     |FDRE |     2|
+------+-----+------+

Report Instance Areas: 
+------+---------+------------------+------+
|      |Instance |Module            |Cells |
+------+---------+------------------+------+
|1     |top      |                  |     9|
|2     |  U0     |lmb_bram_if_cntlr |     9|
+------+---------+------------------+------+
---------------------------------------------------------------------------------
Finished Writing Synthesis Report : Time (s): cpu = 00:00:33 ; elapsed = 00:01:09 . Memory (MB): peak = 1678.953 ; gain = 468.375 ; free physical = 2028 ; free virtual = 2897
---------------------------------------------------------------------------------
Synthesis finished with 0 errors, 0 critical warnings and 321 warnings.
Synthesis Optimization Runtime : Time (s): cpu = 00:00:18 ; elapsed = 00:00:26 . Memory (MB): peak = 1678.953 ; gain = 127.344 ; free physical = 2084 ; free virtual = 2954
Synthesis Optimization Complete : Time (s): cpu = 00:00:33 ; elapsed = 00:01:09 . Memory (MB): peak = 1678.953 ; gain = 468.375 ; free physical = 2084 ; free virtual = 2954
INFO: [Project 1-571] Translating synthesized netlist
INFO: [Project 1-570] Preparing netlist for logic optimization
INFO: [Opt 31-138] Pushed 0 inverter(s) to 0 load pin(s).
INFO: [Project 1-111] Unisim Transformation Summary:
No Unisim elements were transformed.

INFO: [Common 17-83] Releasing license: Synthesis
21 Infos, 100 Warnings, 0 Critical Warnings and 0 Errors encountered.
synth_design completed successfully
synth_design: Time (s): cpu = 00:00:36 ; elapsed = 00:01:11 . Memory (MB): peak = 1678.953 ; gain = 480.109 ; free physical = 2078 ; free virtual = 2948
WARNING: [Constraints 18-5210] No constraint will be written out.
INFO: [Common 17-1381] The checkpoint '/home/fabian/Documents/ensta/deuxieme/rob307/rob_307/hardware_model/hw_arm_microblaze/hw_arm_microblaze.runs/microblaze_arm_dlmb_bram_if_cntlr_5_synth_1/microblaze_arm_dlmb_bram_if_cntlr_5.dcp' has been generated.
INFO: [Coretcl 2-1482] Added synthesis output to IP cache for IP /home/fabian/Documents/ensta/deuxieme/rob307/rob_307/hardware_model/hw_arm_microblaze/hw_arm_microblaze.srcs/sources_1/bd/microblaze_arm/ip/microblaze_arm_dlmb_bram_if_cntlr_5/microblaze_arm_dlmb_bram_if_cntlr_5.xci
WARNING: [Constraints 18-5210] No constraint will be written out.
INFO: [Common 17-1381] The checkpoint '/home/fabian/Documents/ensta/deuxieme/rob307/rob_307/hardware_model/hw_arm_microblaze/hw_arm_microblaze.runs/microblaze_arm_dlmb_bram_if_cntlr_5_synth_1/microblaze_arm_dlmb_bram_if_cntlr_5.dcp' has been generated.
INFO: [runtcl-4] Executing : report_utilization -file microblaze_arm_dlmb_bram_if_cntlr_5_utilization_synth.rpt -pb microblaze_arm_dlmb_bram_if_cntlr_5_utilization_synth.pb
report_utilization: Time (s): cpu = 00:00:00.17 ; elapsed = 00:00:00.22 . Memory (MB): peak = 1678.953 ; gain = 0.000 ; free physical = 2156 ; free virtual = 3026
INFO: [Common 17-206] Exiting Vivado at Sat Nov 17 18:30:29 2018...
